[debug] [2023-01-21T12:09:20.886Z] ----------------------------------------------------------------------
[debug] [2023-01-21T12:09:20.888Z] Command:       C:\Program Files\nodejs\node.exe C:\Users\amana\AppData\Roaming\npm\node_modules\firebase-tools\lib\bin\firebase.js deploy
[debug] [2023-01-21T12:09:20.888Z] CLI Version:   11.15.0
[debug] [2023-01-21T12:09:20.888Z] Platform:      win32
[debug] [2023-01-21T12:09:20.888Z] Node Version:  v16.17.1
[debug] [2023-01-21T12:09:20.891Z] Time:          Sat Jan 21 2023 18:09:20 GMT+0600 (Bangladesh Standard Time)
[debug] [2023-01-21T12:09:20.891Z] ----------------------------------------------------------------------
[debug] 
[debug] [2023-01-21T12:09:20.942Z] > command requires scopes: ["email","openid","https://www.googleapis.com/auth/cloudplatformprojects.readonly","https://www.googleapis.com/auth/firebase","https://www.googleapis.com/auth/cloud-platform"]
[debug] [2023-01-21T12:09:20.942Z] > authorizing via signed-in user (amanatmahmud@gmail.com)
[debug] [2023-01-21T12:09:20.942Z] [iam] checking project paparrazo-photography for permissions ["firebase.projects.get","firebasehosting.sites.update"]
[debug] [2023-01-21T12:09:20.944Z] > refreshing access token with scopes: []
[debug] [2023-01-21T12:09:20.945Z] >>> [apiv2][query] POST https://www.googleapis.com/oauth2/v3/token [none]
[debug] [2023-01-21T12:09:20.945Z] >>> [apiv2][body] POST https://www.googleapis.com/oauth2/v3/token [omitted]
[debug] [2023-01-21T12:09:21.259Z] <<< [apiv2][status] POST https://www.googleapis.com/oauth2/v3/token 200
[debug] [2023-01-21T12:09:21.260Z] <<< [apiv2][body] POST https://www.googleapis.com/oauth2/v3/token [omitted]
[debug] [2023-01-21T12:09:21.265Z] >>> [apiv2][query] POST https://cloudresourcemanager.googleapis.com/v1/projects/paparrazo-photography:testIamPermissions [none]
[debug] [2023-01-21T12:09:21.265Z] >>> [apiv2][(partial)header] POST https://cloudresourcemanager.googleapis.com/v1/projects/paparrazo-photography:testIamPermissions x-goog-quota-user=projects/paparrazo-photography
[debug] [2023-01-21T12:09:21.265Z] >>> [apiv2][body] POST https://cloudresourcemanager.googleapis.com/v1/projects/paparrazo-photography:testIamPermissions {"permissions":["firebase.projects.get","firebasehosting.sites.update"]}
[debug] [2023-01-21T12:09:21.813Z] <<< [apiv2][status] POST https://cloudresourcemanager.googleapis.com/v1/projects/paparrazo-photography:testIamPermissions 200
[debug] [2023-01-21T12:09:21.813Z] <<< [apiv2][body] POST https://cloudresourcemanager.googleapis.com/v1/projects/paparrazo-photography:testIamPermissions {}
[debug] [2023-01-21T12:09:21.813Z] [iam] error while checking permissions, command may fail: FirebaseError: Authorization failed. This account is missing the following required permissions on project paparrazo-photography:

  firebase.projects.get
  firebasehosting.sites.update
[debug] [2023-01-21T12:09:21.814Z] >>> [apiv2][query] GET https://firebase.googleapis.com/v1beta1/projects/paparrazo-photography [none]
[debug] [2023-01-21T12:09:22.576Z] <<< [apiv2][status] GET https://firebase.googleapis.com/v1beta1/projects/paparrazo-photography 403
[debug] [2023-01-21T12:09:22.576Z] <<< [apiv2][body] GET https://firebase.googleapis.com/v1beta1/projects/paparrazo-photography {"error":{"code":403,"message":"The caller does not have permission","status":"PERMISSION_DENIED"}}
[debug] [2023-01-21T12:09:22.577Z] HTTP Error: 403, The caller does not have permission
[debug] [2023-01-21T12:09:22.765Z] FirebaseError: HTTP Error: 403, The caller does not have permission
    at responseToError (C:\Users\amana\AppData\Roaming\npm\node_modules\firebase-tools\lib\responseToError.js:49:12)
    at RetryOperation._fn (C:\Users\amana\AppData\Roaming\npm\node_modules\firebase-tools\lib\apiv2.js:288:77)
    at processTicksAndRejections (node:internal/process/task_queues:96:5)
[error] 
[error] Error: Failed to get Firebase project paparrazo-photography. Please make sure the project exists and your account has permission to access it.
